make all --print-data-base --no-builtin-variables --no-builtin-rules --question
make: *** No rule to make target 'all'.  Stop.

# GNU Make 4.1
# Built for x86_64-pc-linux-gnu
# Copyright (C) 1988-2014 Free Software Foundation, Inc.
# License GPLv3+: GNU GPL version 3 or later <http://gnu.org/licenses/gpl.html>
# This is free software: you are free to change and redistribute it.
# There is NO WARRANTY, to the extent permitted by law.

# Make data base, printed on Wed Aug 17 03:26:14 2022

# Variables

# automatic
<D = $(patsubst %/,%,$(dir $<))
# automatic
?F = $(notdir $?)
# environment
DESKTOP_SESSION = ubuntu
# default
.SHELLFLAGS := -c
# environment
XDG_SESSION_TYPE = x11
# environment
UPSTART_INSTANCE = 
# automatic
?D = $(patsubst %/,%,$(dir $?))
# automatic
@D = $(patsubst %/,%,$(dir $@))
# environment
XAUTHORITY = /home/thg/.Xauthority
# environment
GDMSESSION = ubuntu
# environment
XMODIFIERS = @im=ibus
# makefile
CURDIR := /home/thg/Documents/C++/lib_http/lib_http
# makefile
SHELL = /bin/sh
# environment
UPSTART_JOB = unity7
# environment
VSCODE_NLS_CONFIG = {"locale":"zh-cn","availableLanguages":{"*":"zh-cn"},"_languagePackId":"1d735750dbb1b9066c7513078396ba0f.zh-cn","_translationsConfigFile":"/home/thg/.config/Code/clp/1d735750dbb1b9066c7513078396ba0f.zh-cn/tcf.json","_cacheRoot":"/home/thg/.config/Code/clp/1d735750dbb1b9066c7513078396ba0f.zh-cn","_resolvedLanguagePackCoreLocation":"/home/thg/.config/Code/clp/1d735750dbb1b9066c7513078396ba0f.zh-cn/3b889b090b5ad5793f524b5d1d39fda662b96a2a","_corruptedFile":"/home/thg/.config/Code/clp/1d735750dbb1b9066c7513078396ba0f.zh-cn/corrupted.info","_languagePackSupport":true}
# environment
_ = /usr/share/code/code
# environment
XDG_CONFIG_DIRS = /etc/xdg/xdg-ubuntu:/usr/share/upstart/xdg:/etc/xdg
# makefile (from 'makefile', line 1)
MAKEFILE_LIST :=  makefile
# automatic
@F = $(notdir $@)
# environment
GIO_LAUNCHED_DESKTOP_FILE = /usr/share/applications/code.desktop
# 'override' directive
GNUMAKEFLAGS := 
# environment
SESSIONTYPE = gnome-session
# environment
MANDATORY_PATH = /usr/share/gconf/ubuntu.mandatory.path
# environment
XDG_DATA_DIRS = /usr/share/ubuntu:/usr/share/gnome:/usr/local/share:/usr/share:/var/lib/snapd/desktop:/var/lib/snapd/desktop
# environment
DBUS_SESSION_BUS_ADDRESS = unix:abstract=/tmp/dbus-evNhdKImSR
# environment
CLUTTER_IM_MODULE = xim
# environment
LESSOPEN = | /usr/bin/lesspipe %s
# environment
VSCODE_CWD = /home/thg
# environment
XDG_SESSION_PATH = /org/freedesktop/DisplayManager/Session0
# default
MAKE_HOST := x86_64-pc-linux-gnu
# environment
PATH = /home/thg/bin:/home/thg/.local/bin:/home/thg/bin:/home/thg/.local/bin:/usr/local/sbin:/usr/local/bin:/usr/sbin:/usr/bin:/sbin:/bin:/usr/games:/usr/local/games:/usr/local/protobuf/bin:/snap/bin:/home/thg/home/thg/Documents/software/cmake:/usr/local/protobuf/bin:/home/thg/home/thg/Documents/software/cmake
# environment
GPG_AGENT_INFO = /home/thg/.gnupg/S.gpg-agent:0:1
# environment
XDG_RUNTIME_DIR = /run/user/1000
# environment
LIBRARY_PATH = :/usr/local/protobuf/lib:/usr/local/protobuf/lib
# environment
ELECTRON_RUN_AS_NODE = 1
# default
.FEATURES := target-specific order-only second-expansion else-if shortest-stem undefine oneshell archives jobserver output-sync check-symlink load
# environment
SESSION = ubuntu
# environment
XDG_GREETER_DATA_DIR = /var/lib/lightdm-data/thg
# environment
LS_COLORS = 
# environment
JOB = unity-settings-daemon
# environment
XDG_SESSION_DESKTOP = ubuntu
# environment
SSH_AUTH_SOCK = /run/user/1000/keyring/ssh
# environment
GIO_LAUNCHED_DESKTOP_FILE_PID = 2294
# automatic
%F = $(notdir $%)
# environment
DISPLAY = :0
# environment
GTK_IM_MODULE = ibus
# environment
PWD = /home/thg/Documents/C++/lib_http/lib_http
# environment
QT_QPA_PLATFORMTHEME = appmenu-qt5
# environment
XDG_SEAT = seat0
# environment
GDM_LANG = en_US
# environment
PKG_CONFIG_PATH = :/usr/local/lib/pkgconfig
# environment
ORIGINAL_XDG_CURRENT_DESKTOP = Unity
# environment
GTK_MODULES = gail:atk-bridge:unity-gtk-module
# environment
VSCODE_AMD_ENTRYPOINT = vs/workbench/api/node/extensionHostProcess
# environment
HOME = /home/thg
# environment
LD_LIBRARY_PATH = :/usr/local/protobuf/lib:/usr/local/protobuf/lib
# environment
LESSCLOSE = /usr/bin/lesspipe %s %s
# environment
VSCODE_CODE_CACHE_PATH = /home/thg/.config/Code/CachedData/3b889b090b5ad5793f524b5d1d39fda662b96a2a
# environment
LOGNAME = thg
# environment
QT_LINUX_ACCESSIBILITY_ALWAYS_ON = 1
# environment
APPLICATION_INSIGHTS_NO_DIAGNOSTIC_CHANNEL = 1
# environment
VSCODE_HANDLES_UNCAUGHT_ERRORS = true
# default
MAKE_VERSION := 4.1
# environment
GNOME_DESKTOP_SESSION_ID = this-is-deprecated
# automatic
^D = $(patsubst %/,%,$(dir $^))
# environment
XDG_VTNR = 7
# environment
MAKELEVEL := 0
# default
MAKE = $(MAKE_COMMAND)
# default
MAKECMDGOALS := all
# environment
QT_IM_MODULE = ibus
# environment
SHLVL = 1
# environment
IM_CONFIG_PHASE = 1
# environment
COMPIZ_CONFIG_PROFILE = ubuntu
# environment
XDG_SESSION_ID = c2
# environment
USER = thg
# makefile
.DEFAULT_GOAL := server
# environment
XDG_CURRENT_DESKTOP = Unity
# environment
UPSTART_EVENTS = xsession started
# automatic
%D = $(patsubst %/,%,$(dir $%))
# environment
GNOME_KEYRING_PID = 
# default
MAKE_COMMAND := make
# default
.VARIABLES := 
# automatic
*F = $(notdir $*)
# environment
LANGUAGE = en_US
# environment
XDG_SEAT_PATH = /org/freedesktop/DisplayManager/Seat0
# environment
VSCODE_IPC_HOOK = /run/user/1000/vscode-14a46a3b-1.69.2-main.sock
# environment
GNOME_KEYRING_CONTROL = 
# makefile
MAKEFLAGS = pqrR
# environment
MFLAGS = -pqrR
# automatic
*D = $(patsubst %/,%,$(dir $*))
# automatic
+D = $(patsubst %/,%,$(dir $+))
# environment
GDK_BACKEND = x11
# automatic
+F = $(notdir $+)
# environment
GTK2_MODULES = overlay-scrollbar
# environment
QT_ACCESSIBILITY = 1
# environment
COMPIZ_BIN_PATH = /usr/bin/
# environment
DEFAULTS_PATH = /usr/share/gconf/ubuntu.default.path
# default
MAKEFILES := 
# environment
UPSTART_SESSION = unix:abstract=/com/ubuntu/upstart-session/1000/1655
# automatic
<F = $(notdir $<)
# environment
INSTANCE = 
# environment
LC_ALL = C
# environment
QT4_IM_MODULE = xim
# automatic
^F = $(notdir $^)
# default
SUFFIXES := 
# environment
CHROME_DESKTOP = code-url-handler.desktop
# default
.INCLUDE_DIRS = /usr/include /usr/local/include /usr/include
# default
.RECIPEPREFIX := 
# environment
LANG = C
# environment
VSCODE_PID = 2294
# variable set hash-table stats:
# Load=110/1024=11%, Rehash=0, Collisions=9/135=7%

# Pattern-specific Variable Values

# No pattern-specific variable values.

# Directories

# . (device 2049, inode 670674): 14 files, no impossibilities.

# 14 files, no impossibilities in 1 directories.

# Implicit Rules

# No implicit rules.

# Files

# Not a target:
mydata.cpp:
#  Implicit rule search has not been done.
#  Modification time never checked.
#  File has not been updated.

# Not a target:
all:
#  Command line target.
#  Implicit rule search has been done.
#  File does not exist.
#  File has not been updated.

server: server.cpp handle.cpp mydata.cpp
#  Implicit rule search has not been done.
#  Modification time never checked.
#  File has not been updated.
#  recipe to execute (from 'makefile', line 2):
	g++ -std=c++11 $^ `mysql_config --cflags --libs`  -o $@ -levent  -ljsoncpp

# Not a target:
makefile:
#  Implicit rule search has been done.
#  Last modified 2022-08-16 02:06:42.380892756
#  File has been updated.
#  Successfully updated.

# Not a target:
 
.DEFAULT:
#  Implicit rule search has not been done.
#  Modification time never checked.
#  File has not been updated.

# Not a target:
server.cpp:
#  Implicit rule search has not been done.
#  Modification time never checked.
#  File has not been updated.

# Not a target:
handle.cpp:
#  Implicit rule search has not been done.
#  Modification time never checked.
#  File has not been updated.

# files hash-table stats:
# Load=8/1024=1%, Rehash=0, Collisions=0/21=0%
# VPATH Search Paths

# No 'vpath' search paths.

# No general ('VPATH' variable) search path.

# strcache buffers: 1 (0) / strings = 19 / storage = 162 B / avg = 8 B
# current buf: size = 8162 B / used = 162 B / count = 19 / avg = 8 B

# strcache performance: lookups = 28 / hit rate = 32%
# hash-table stats:
# Load=19/8192=0%, Rehash=0, Collisions=1/28=4%
# Finished Make data base on Wed Aug 17 03:26:14 2022

 
